<?xml version="1.0" encoding="UTF-8"?>
<!-- Generated by org.testng.reporters.JUnitReportReporter -->
<testsuite hostname="Afaque-PC" failures="0" tests="7" name="runners.TestRunner" time="33.537" errors="0" timestamp="2023-05-28T17:25:39 PKT" skipped="0">
  <testcase classname="runners.TestRunner" name="runScenario" time="3.210"/>
  <system-out/>
  <testcase classname="runners.TestRunner" name="runScenario" time="8.021"/>
  <system-out/>
  <testcase classname="runners.TestRunner" name="runScenario" time="3.167"/>
  <system-out/>
  <testcase classname="runners.TestRunner" name="runScenario" time="9.940"/>
  <system-out/>
  <testcase classname="runners.TestRunner" name="runScenario" time="2.955"/>
  <system-out/>
  <testcase classname="runners.TestRunner" name="runScenario" time="3.023"/>
  <system-out/>
  <testcase classname="runners.TestRunner" name="runScenario" time="3.221"/>
  <system-out/>
</testsuite> <!-- runners.TestRunner -->
